1173741824
100289254654976
4731091158953433
13877119009
5
17
16
10137858491849
13
2552470327702
33554432
33554432
945
100
14352282
1340612376924160
1941760
7861953
268473872
13
32993
4240
15
470196375201
30518337500
45136576
23401
268705
4208945
1996813914
17
33554432
178478
7
35186934979457
14352282
177
320
23401
125937424601
6
7861953
533169
244389457
533169
4240
533169
4486784401
397585
945
774840978
67137425
130291290501553
145
6
875787780761718750
570623341222
184761021583202849
268473872
100
32993
96951758924
4486784401
2179768320
512
32
7073
53132088082450132
15
593
2169
268705
4208945
12
16797952
1124
3
17832200896512
1124
1058576
2169
5392
3
61466176
13877119009
130291290501553
945
15536767912476993
16
1073792449
32993
4785713
13065520825
15
4731091158953433
4747732369318
512
10609137
1061917364224
1073792449
550571544609
9
8
1058576
18785
23401
2169
4399522300160
184761021583202849
6104053449
32993
178478
145
60049
2
4
4240
10137858491849
145
6104053449
875787780761718750
177
22224013651116032
10
30518337500
23401
178478
2
16
397585
4785713
10609137
16797952
13065520825
13065520825
4399522300160
11
8
4747732369318
11
5392
53132088082450132
14
3
35186934979457
10609137
67137425
4240
10137858491849
15
423393
57
423393
1941760
287589316833
78371693632
130291290501553
93312
