4185897925275026
1340612376924160
32
100
30518337500
9865625
32
35186934979457
7
61466176
48989176
5392
287589316833
875787780761718750
1596520
4208945
2
17
15
2530
945
14
125937424601
2179768320
20000000000
100289254654976
1996813914
287589316833
184761021583202849
1058576
1061917364224
130291290501553
35186934979457
287589316833
1596520
205929575454024
533169
205929575454024
13065520825
4
320
54
10
60049
48989176
8
35186934979457
35186934979457
13065520825
32
8
2179768320
48989176
550571544609
45136576
13877119009
8804293473
5392
12
14
1221074418
397585
145
4747732369318
1073792449
13065520825
177264449
23401
16797952
32993
17832200896512
30518337500
244389457
397585
100
14
8361
8
2
8
550571544609
4486784401
30518337500
33554432
292475249
69149458432
5392
100
13
94932
205929575454024
100
8361
10137858491849
35186934979457
7861953
33739007300
94932
53132088082450132
33554432
6104053449
1073792449
1996813914
678328486353
550571544609
320
4747732369318
3
593
3881436747409
1221074418
177
177264449
6250
11
9
10
17
4399522300160
32
8804293473
177
8361
69149458432
17
100
36314872537968
48989176
13
177
368
774840978
8
1996813914
22897453501745
23401
1596520
11
14
15536767912476993
292475249
10137858491849
17832200896512
1058576
4208945
33554432
13065520825
9865625
33739007300
16
33739007300
33554432
32
125937424601
4
18785
15
17
945
570623341222
35186934979457
2169
6250
2169
177
2012174
397585
7
16580
292475249
23401
