18785
57
93312
60049
22224013651116032
69632
100
320
178478
2169
100289254654976
1941760
7861953
287589316833
100289254654976
6
33739007300
15
4486784401
268705
13877119009
22897453501745
10609137
96951758924
1941760
6104053449
287589316833
1173741824
13877119009
5
32
2530
2530
10609137
2169
5
2169
2530
2530
93312
6
4208945
177
570623341222
4785713
8804293473
4731091158953433
7861953
4747732369318
368
8
69632
1941760
10609137
93312
18785
94932
268705
268705
6104053449
1340612376924160
4486784401
1340612376924160
22897453501745
470196375201
130291290501553
8361
4731091158953433
364568617
1649
130291290501553
48989176
1000576650390625
53132088082450132
1061917364224
6
45136576
61466176
4208945
8
570623341222
30518337500
13
2012174
14352282
678328486353
184761021583202849
145
268473872
4240
5392
1221074418
15536767912476993
3
9
1173741824
364568617
550571544609
6104053449
397585
23401
10609137
96951758924
32993
2169
4731091158953433
20412
78371693632
383799398752905
32993
470196375201
61466176
3881436747409
184761021583202849
145
1649
13065520825
1941760
1596520
36314872537968
45136576
14352282
69149458432
1073792449
100289254654976
9865625
1073792449
67137425
2169
2552470327702
4240
9
244389457
244389457
96951758924
22224013651116032
4785713
287589316833
774840978
18785
96951758924
8804293473
268705
5
7
8804293473
2169
5392
1221074418
5
130291290501553
4747732369318
244389457
6
20000000000
45136576
35186934979457
1941760
78371693632
320
96951758924
10
11
8361
1058576
184761021583202849
7
533169
8
875787780761718750
7
53132088082450132
4747732369318
10
13
2169
184761021583202849
177264449
1058576
96951758924
244389457
93312
96951758924
268473872
