423393
4785713
2552470327702
397585
1996813914
69149458432
32993
145
12
1340612376924160
570623341222
1996813914
1124
61466176
20000000000
16
2552470327702
53132088082450132
364568617
4185897925275026
7861953
32993
7
20412
4399522300160
177
130291290501553
6
550571544609
368
53132088082450132
2552470327702
69149458432
61466176
48989176
96951758924
550571544609
36314872537968
5
292475249
5392
53132088082450132
6250
2179768320
16797952
8361
45136576
1061917364224
2179768320
1000576650390625
13877119009
7
4185897925275026
130291290501553
130291290501553
383799398752905
3
57
100
1649
1124
67137425
177264449
12
8361
184761021583202849
178478
6104053449
2552470327702
550571544609
100289254654976
17
53132088082450132
2530
48989176
13
8804293473
100
1000576650390625
1173741824
10609137
2179768320
60049
287589316833
15
945
32993
1173741824
145
100289254654976
4747732369318
8
383799398752905
2012174
1649
33739007300
10
100
1061917364224
1649
512
10137858491849
4185897925275026
1996813914
15
30518337500
268473872
16580
945
9865625
550571544609
1124
36314872537968
177264449
1941760
67137425
16797952
36314872537968
15536767912476993
1996813914
184761021583202849
16
20412
4747732369318
45136576
1000576650390625
8361
12
8361
15
7
1996813914
593
1000576650390625
3
5392
177264449
593
2169
96951758924
10137858491849
320
17
78371693632
100
20412
8
10609137
14
1058576
145
30518337500
16580
13065520825
10609137
13877119009
244389457
1941760
2552470327702
61466176
7861953
2552470327702
69149458432
35186934979457
145
1941760
4747732369318
1124
2169
292475249
30518337500
20000000000
4
7861953
