575
34
13
81
155
67
57
113
74
20
69
25
227
1692
76
54
8
171
91
101
1
195
95
109
80
1341
51
322
549
67
164
185
155
122
117
755
223
68
191
60
127
359
319
223
45
50
183
60
167
389
167
107
1047
185
141
95
37
125
272
117
58
223
98
151
159
181
63
269
219
299
71
123
92
77
68
407
95
125
183
185
84
82
101
215
9
227
187
182
127
135
54
23
21
68
170
69
119
4005
231
152
3299
107
303
623
454
791
274
1039
1187
80
47
587
87
639
6948
57
377
59
209
153
109
78
109
255
55
143
71
53
134
407
144
493
85
1539
28
28
143
488
50
73
131
55
45
170
87
86
335
167
159
903
113
107
359
126
8147
327
127
101
58
78
284
62
545
38
3790
545
60
107
29
215
1001
719
45
153
87
10
22
47
54
149
87
82
167
179
951
1099
94
1612
67
92
347
244
251
415
75
121
184
287
251
263
184
143
48
299
95
461
170
46
171
144
395
167
166
33
254
22
186
79
263
75
32
75
122
64
458
377
112
91
26
92
829
16
319
191
59
1257
167
679
107
45
115
85
68
47
167
800
38
97
127
111
137
47
73
153
839
43
95
191
47
103
224
355
263
38
359
176
307
94
59
305
143
257
252
191
239
97
134
125
341
49
184
271
74
287
137
47
987
458
141
258
23
413
314
51
125
1790
139
91
239
125
145
56
203
899
78
121
913
417
140
63
95
235
140
349
189
26
21
398
25
70
2251
42
659
122
347
98
119
85
65
63
109
86
105
91
132
29
71
101
1070
149
151
71
79
104
42
528
113
139
17
215
37
27
413
14
1698
215
25
349
60
37
68
121
183
94
227
377
239
197
171
439
99
155
113
1713
404
161
30
83
189
149
143
107
113
227
1634
479
303
49
127
35
92
68
191
467
1295
115
96
13
155
66
121
62
42
1699
113
467
269
105
223
215
272
233
36
324
86
69
269
21
575
90
911
115
122
75
450
349
93
219
63
153
46
19
48
119
40
70
428
34
32
500
41
49
39
224
93
299
170
183
447
401
61
81
89
155
45
151
221
109
349
24
111
48
87
151
64
351
629
132
1275
28
123
139
94
117
123
67
87
183
134
93
479
32
19
59
123
80
122
184
15
163
114
6
19
67
35
115
80
79
26
131
102
116
413
181
153
221
431
5476
146
47
72
29
129
61
129
167
33
2022
659
32
233
107
116
167
151
72
344
916
81
50
260
289
53
27
82
57
278
32
181
20
104
199
1743
123
161
94
56
123
23
560
167
458
119
19
63
131
979
151
139
1007
146
113
183
293
50
879
121
767
83
261
367
35
85
199
59
101
69
141
269
62
25
38
85
49
97
99
16
89
157
4607
188
160
194
52
293
107
42
69
143
74
479
87
230
79
159
101
171
738
128
119
441
134
54
161
118
271
1093
368
104
221
89
116
92
254
399
65
255
85
863
95
76
461
59
119
383
104
87
99
91
347
9
194
179
51
287
503
39
899
2051
81
69
1637
46
52
30
113
18
114
100
413
259
58
319
363
189
181
153
119
355
203
59
64
678
263
118
60
952
545
76
163
39
269
139
131
209
323
164
949
83
84
163
117
86
989
89
2652
55
23
91
73
189
2183
71
155
74
25
2
46
53
42
269
71
83
69
107
41
287
284
24
77
133
99
65
275
70
53
417
67
103
53
28
129
197
115
4319
70
195
94
41
133
161
85
177
545
58
219
195
152
42
48
42
56
79
91
52
31
81
836
1124
109
335
103
441
40
194
113
55
219
199
130
147
111
19
87
52
279
419
407
926
70
62
74
77
119
87
107
251
56
38
56
79
59
757
133
23
179
1169
140
329
587
21
85
143
44
339
147
109
79
56
73
57
86
259
55
41
395
129
271
305
51
2143
69
1683
623
141
221
