56
144
60
2118
131
63
307
77
125
251
197
104
124
249
32
28
187
122
125
125
121
140
121
35
184
99
71
203
649
78
110
103
39
135
167
90
81
25
46
471
155
25
23
349
123
113
119
95
68
937
73
19
189
152
129
662
623
34
379
44
144
68
86
186
63
607
194
175
125
98
66
74
133
71
219
527
197
1871
11
239
191
526
398
119
123
3918
539
92
101
223
94
66
650
659
37
104
90
101
111
107
329
38
428
105
58
830
231
35
125
169
1169
199
246
173
125
207
104
139
103
139
70
89
149
67
49
251
278
111
54
68
119
237
32
68
143
151
143
214
105
139
141
99
89
133
75
85
123
17
39
209
143
2000
139
97
92
2642
77
623
125
40
665
78
109
179
109
90
29
75
103
139
195
40
485
139
209
175
67
155
551
3119
65
531
50
117
16
59
56
919
22
223
89
74
70
70
77
489
61
14
73
160
39
2285
195
101
509
540
49
94
255
21
83
67
115
5
167
45
81
1187
60
104
120
599
134
63
129
9870
113
919
20
489
69
38
139
61
60
73
158
149
23
40
75
75
111
359
67
105
21
55
52
71
1987
29
142
146
153
129
98
256
203
123
89
64
189
179
4369
95
92
495
73
129
77
53
14
153
85
579
153
299
407
125
287
183
65
34
28
57
71
249
134
428
131
146
33
83
30
125
186
43
89
141
285
63
167
101
105
188
35
203
251
127
97
45
67
321
527
229
80
94
183
188
38
71
203
139
184
75
446
119
35
122
88
1315
139
341
91
464
129
551
275
147
123
159
167
251
76
167
103
73
74
107
28
79
95
110
809
254
119
75
671
93
135
110
69
113
109
230
847
56
115
125
649
323
58
14
2327
395
2094
99
692
107
171
2175
917
287
92
48
383
103
33
47
99
47
280
71
191
20
223
107
230
187
44
76
38
699
76
281
287
548
181
187
110
45
188
113
278
532
153
179
131
127
98
19
201
174
175
194
391
113
25
241
45
311
2611
254
543
17
69
77
74
163
244
107
73
66
63
305
61
467
259
82
139
151
335
109
32
587
159
80
569
131
207
1239
47
111
107
91
254
87
74
124
284
83
98
68
209
85
167
47
33
167
173
103
888
17
59
81
317
439
1699
269
82
73
139
18
117
53
91
116
103
40
107
867
163
174
34
674
121
84
99
559
119
431
17
73
1352
86
140
95
671
53
104
23
26
109
88
186
179
845
538
175
251
146
133
158
259
89
153
195
90
58
33
67
133
139
48
93
443
173
175
1252
1885
389
35
146
139
87
121
89
82
89
70
599
1059
62
54
303
1169
218
62
566
44
349
45
151
229
173
167
247
183
59
175
164
135
56
439
77
254
183
61
219
349
3300
78
135
21
42
78
185
79
50
43
163
87
118
78
19
134
1511
128
367
99
33
524
63
299
239
125
19
359
58
511
97
65
3353
79
93
31
137
139
347
17
30
151
249
797
307
99
259
79
61
54
53
46
799
127
57
60
489
194
1403
181
67
79
719
154
59
52
168
2636
19
131
139
259
95
68
73
70
68
229
71
85
164
89
29
69
404
110
66
179
4198
20
93
863
155
61
73
152
185
155
152
239
41
49
174
75
121
4952
147
51
45
61
263
50
95
60
37
141
26
81
16
2501
474
74
261
81
335
105
137
139
303
155
143
68
274
13
1130
31
149
87
2638
209
206
314
175
1164
9
36
95
419
73
83
281
135
77
77
227
85
14
723
37
37
29
75
47
79
53
259
265
9153
129
374
139
131
41
21
98
141
54
89
249
66
151
85
93
63
84
13
103
399
28
75
176
143
195
76
98
48
153
791
774
323
191
185
55
71
455
37
70
11
83
34
48
241
14
116
132
255
163
19
557
251
57
249
3811
863
45
38
71
57
99
40
69
1889
419
137
16
159
200
147
53
86
91
335
137
97
2005
153
117
43
247
959
1031
17
114
22
349
80
62
479
103
125
57
61
358
701
269
67
47
50
379
41
87
46
575
110
46
72
181
