65
84
128
220
169
74
57
415
103
64
151
383
233
101
224
19
227
449
50
265
52
63
84
76
269
121
11
3497
608
171
200
39
52
146
39
221
44
158
215
101
44
110
139
275
88
10
16
135
63
4416
896
65
62
692
63
5485
55
23
359
83
839
46
511
154
152
139
84
35
155
129
199
64
2391
875
103
441
19
74
79
67
54
26
163
399
58
194
242
431
89
135
91
351
113
51
106
119
103
1308
1181
95
40
151
118
143
79
127
2645
920
155
56
863
283
176
10
251
147
109
883
134
153
74
2110
35
483
86
131
84
74
143
83
55
25
230
4829
78
43
122
139
79
175
98
174
147
182
36
110
85
2213
464
199
251
351
63
155
65
77
244
578
415
91
376
87
208
1693
109
33
231
22
67
104
93
95
92
314
116
155
53
90
419
190
128
743
83
259
80
43
85
47
169
66
131
36
142
233
97
159
111
92
161
97
123
263
117
85
139
37
175
143
38
42
54
43
298
69
107
9120
431
185
146
83
91
189
49
33
1473
131
114
57
139
227
194
55
195
118
117
48
33
31
29
111
33
107
83
19
1304
215
1007
202
98
69
139
235
44
167
107
339
857
271
159
26
89
1623
69
278
404
62
311
296
219
10
395
167
1199
17
113
1874
775
55
113
359
2239
20
245
335
26
135
57
18
45
203
1
263
44
14
142
255
159
140
101
296
153
194
63
65
2537
11
27
1224
62
31
92
134
269
185
189
85
65
111
111
53
19
67
101
107
114
191
182
119
13
1331
31
157
5
80
59
65
257
80
287
89
279
153
63
137
113
80
64
77
71
115
639
25
239
97
279
151
59
179
95
714
54
1127
73
701
251
57
36
341
152
9
99
129
23
287
107
143
88
31
257
351
519
2854
77
143
68
117
1692
50
4045
87
66
620
87
191
506
56
125
176
33
70
51
163
153
143
1067
142
794
99
179
149
143
25
296
195
671
43
37
174
116
44
89
230
151
45
67
77
146
211
51
57
41
46
59
57
114
70
699
80
251
2239
113
479
227
35
131
428
137
86
73
257
935
215
131
131
51
54
22
119
103
95
40
73
1259
129
139
299
593
179
296
16
75
139
362
78
2057
88
356
55
4657
116
447
230
11
512
699
36
199
36
39
82
174
44
428
135
143
1154
271
251
48
122
131
423
161
95
51
43
122
479
208
193
215
45
77
215
31
85
43
65
312
118
287
104
144
434
47
92
98
137
73
89
83
329
37
188
289
53
45
18
139
311
149
167
1398
26
23
47
191
206
778
101
230
220
89
194
61
623
117
185
99
58
97
170
215
174
1151
107
60
69
419
105
197
65
129
164
135
175
55
69
219
219
107
28
239
113
326
6675
87
94
183
115
132
46
125
31
475
70
97
55
146
101
341
103
116
117
159
143
41
73
101
769
209
80
671
100
54
311
67
71
405
67
50
125
183
191
64
137
159
118
87
119
4399
30
69
271
1
93
89
2863
293
67
719
116
59
134
191
323
91
278
69
50
60
43
134
52
65
173
968
203
929
64
341
259
68
174
90
231
67
42
227
615
17
26
52
791
966
86
40
87
77
74
214
563
90
119
73
104
36
68
25
56
143
86
323
77
454
14
119
61
34
87
44
53
99
203
32
185
194
149
113
153
45
95
419
65
23
107
143
72
213
341
76
60
219
229
248
111
127
143
1193
52
153
95
185
379
279
80
24
254
9054
140
324
175
364
167
82
68
127
287
67
296
59
275
269
2124
74
109
135
256
72
159
231
119
89
75
147
58
4
647
197
121
57
298
1545
237
158
85
44
109
233
58
293
83
135
209
419
75
157
146
195
391
46
161
18
37
99
251
107
351
49
61
158
18
89
26
359
144
76
314
127
175
149
149
87
137
51
271
65
71
251
263
91
92
63
174
195
203
307
98
83
487
187
109
53
319
593
2519
153
75
113
80
143
989
101
99
1721
71
335
68
87
81
149
12
109
287
153
179
52
143
93
129
207
147
126
131
25
2219
48
54
113
144
66
85
224
32
165
56
41
143
189
7
111
24
139
70
123
67
2378
99
84
139
66
125
139
149
125
71
153
269
554
137
77
251
19
229
89
65
269
35
179
38
339
895
128
69
95
85
61
574
101
57
101
62
22
98
185
6
219
97
101
50
