11
1079
135
59
89
158
239
207
13
78
137
265
71
55
165
38
95
39
121
73
185
344
77
124
54
314
1241
95
125
131
110
37
191
54
73
167
142
125
143
56
84
755
2195
65
41
293
71
15
153
956
359
31
40
152
45
91
60
52
1141
143
185
299
75
171
4
769
71
31
139
133
1039
95
389
207
54
42
54
111
119
104
40
53
494
145
115
109
599
101
72
251
75
1747
97
142
60
341
1595
60
179
258
279
35
2483
48
159
53
137
113
50
403
99
129
399
117
359
88
32
70
57
18
115
391
447
615
111
74
421
447
44
115
34
305
191
34
117
359
22
77
137
3
71
377
54
107
82
15
153
263
305
57
128
92
219
52
72
7996
45
101
62
72
117
2447
83
251
330
23
94
64
453
88
231
91
45
15
119
269
64
87
151
65
55
77
350
110
61
124
1151
224
1434
61
51
137
133
169
1459
26
21
65
3660
143
391
101
91
116
105
215
87
133
128
713
84
31
53
61
79
117
80
179
77
101
307
119
104
120
111
132
67
138
125
36
1399
93
119
143
633
45
341
83
229
263
881
149
29
519
45
50
60
65
161
84
175
383
89
191
111
335
1304
176
123
155
215
29
65
419
141
239
117
63
94
97
36
245
224
344
15
27
311
97
127
50
26
85
146
2351
54
68
105
85
119
125
19
5112
319
91
191
86
134
109
134
104
209
153
455
70
195
109
59
233
26
44
83
405
227
53
140
62
1495
2444
21
171
398
93
155
46
95
74
56
179
15
135
279
77
956
309
239
131
131
103
89
69
134
134
3660
209
559
275
339
39
77
587
109
587
23
105
88
1997
389
115
90
105
17
57
115
83
84
89
1251
674
1229
327
107
662
489
30
159
275
319
197
22
869
147
96
614
94
67
152
675
159
119
63
965
1025
184
86
152
959
89
131
99
61
419
27
67
119
128
87
443
173
29
23
167
89
30
86
61
99
185
124
296
151
99
74
362
88
95
123
39
46
202
155
44
242
33
203
62
1199
47
1835
687
431
383
1519
1253
110
85
81
119
133
171
77
185
87
81
115
101
69
1091
122
3321
263
99
81
109
4447
1217
64
134
70
128
80
287
413
77
119
51
97
3870
129
134
503
134
143
269
89
184
140
209
559
206
140
39
271
127
239
1049
186
31
263
27
60
89
64
71
172
475
461
173
127
110
23
91
149
62
67
171
234
8
158
93
2152
329
46
169
329
187
303
140
359
59
40
199
83
199
175
849
83
3
191
209
231
181
63
173
81
79
239
335
44
1517
153
415
104
149
22
50
66
54
58
30
495
68
167
127
455
329
1301
65
922
38
167
303
335
596
329
95
143
287
49
26
147
34
161
269
209
25
65
293
735
74
39
175
101
223
117
171
114
251
363
34
223
195
1090
16
87
127
158
121
60
74
827
161
681
107
71
227
105
109
158
73
124
174
194
174
403
139
203
129
701
80
183
65
223
57
53
83
199
64
89
81
191
24
681
296
185
71
77
237
79
122
70
749
137
70
374
68
83
77
37
76
55
96
287
85
137
93
103
143
155
231
219
61
41
119
575
79
65
107
179
123
27
79
335
269
63
65
1429
80
431
7
57
229
155
2575
33
154
116
489
75
605
23
64
51
32
251
395
21
87
341
161
20
155
74
209
50
929
371
52
15
46
179
73
65
21
113
14
199
69
65
71
215
155
37
121
206
20
33
384
77
199
33
179
57
110
23
74
36
78
104
230
146
92
58
219
239
855
1307
82
115
233
91
545
42
368
66
38
68
122
887
149
117
289
60
167
83
919
1451
167
173
59
65
175
137
64
129
143
127
911
828
53
93
36
89
1845
159
49
545
220
5479
2551
124
76
174
265
58
74
252
209
92
389
95
329
101
191
944
128
85
84
34
63
415
65
635
275
77
72
83
407
383
123
73
83
153
4619
63
249
76
93
174
44
267
1506
197
77
47
95
239
209
76
143
1133
133
131
479
1036
60
77
1847
678
239
133
79
51
77
11
1871
6530
251
25
70
447
209
197
121
17
263
137
15
33
119
123
92
101
139
128
31
1311
111
1655
98
61
319
68
83
267
25
103
164
99
79
33
143
43
64
57
62
479
111
129
40
80
51
173
209
230
25
177
149
7327
90
70
87
133
155
103
78
55
90
1658
91
81
173
75
156
68
49
40
143
74
83
140
53
339
170
1374
331
98
1253
337
179
107
119
2051
142
367
265
71
195
975
68
229
82
383
39
104
135
209
69
188
