144
475
47
287
113
86
539
29
173
104
49
42
89
146
115
144
68
58
37
84
21
87
9
404
6235
117
55
175
224
12
61
71
56
275
304
53
575
249
791
1217
32
185
1133
79
87
44
41
152
379
61
80
107
55
131
113
159
1576
390
47
12
158
1027
1463
51
503
111
1869
73
161
455
64
287
31
63
241
359
187
119
244
623
161
107
51
161
114
2105
81
144
15
51
875
123
107
818
547
287
4
499
95
463
123
105
159
132
63
419
1451
90
329
187
18
255
209
1091
55
551
116
264
131
104
167
899
1543
794
135
4375
33
151
929
128
351
791
1959
96
129
146
80
47
199
85
99
284
175
6571
59
155
143
84
19
251
105
113
155
118
55
46
91
1364
323
83
7
191
57
91
231
113
110
199
38
80
171
680
36
93
127
714
244
78
59
1295
195
73
122
47
431
75
139
143
159
42
284
341
2
42
97
65
203
118
620
295
1175
139
33
55
27
46
278
113
657
103
750
207
50
327
324
95
35
119
104
1007
371
96
134
259
197
55
122
135
125
177
159
61
3269
69
123
1343
80
75
54
191
58
34
428
407
203
51
79
139
83
39
45
1229
180
39
27
389
38
230
439
50
219
113
61
50
59
80
161
176
339
177
82
16
121
163
121
139
139
313
123
95
153
115
61
24
99
509
21
11
776
181
191
54
402
45
199
122
77
167
149
83
65
373
48
103
94
169
183
18
155
884
319
91
119
83
191
127
239
239
30
95
113
139
269
217
260
59
13
359
254
15
123
125
4196
171
1304
65
47
1203
585
6014
63
95
119
125
783
233
191
219
224
151
30
118
51
53
122
83
51
74
335
86
272
923
272
2435
274
155
431
111
164
31
161
335
341
127
635
122
69
15
76
113
51
74
316
163
431
79
27
818
60
8
119
869
247
117
71
121
149
1182
34
127
124
137
279
131
251
350
156
119
111
134
66
65
179
127
167
503
208
454
145
73
45
133
129
131
107
135
50
247
296
73
94
72
201
53
88
49
519
169
154
128
287
59
131
31
61
229
135
71
3303
155
119
363
168
8
29
259
68
52
188
110
151
69
469
67
144
11
142
149
351
168
113
50
219
125
7791
1793
1007
131
98
109
53
227
593
209
356
7141
539
161
74
265
51
129
580
417
135
137
779
116
46
109
53
2476
62
42
413
41
115
671
1080
31
79
80
31
73
107
161
101
107
251
99
419
79
81
896
143
26
159
73
195
66
149
215
42
26
1007
62
99
109
134
149
229
28
119
177
87
98
120
181
95
191
215
113
103
329
40
116
43
75
16
168
59
503
97
54
42
39
76
50
68
2645
285
87
263
209
43
55
1
125
769
164
175
167
813
65
809
75
98
235
15
124
26
99
619
132
10
191
254
36
79
75
58
89
233
66
4
87
104
239
229
30
101
124
107
64
86
52
113
163
131
47
89
149
282
475
89
175
125
254
5269
4987
60
66
30
76
137
257
163
110
203
545
229
3991
38
53
61
133
87
263
77
67
57
57
161
101
115
98
104
72
219
140
82
74
53
173
199
143
197
1079
384
527
160
389
87
131
105
149
113
83
349
1007
84
531
43
1143
174
20
164
68
59
1247
47
279
901
1092
59
107
103
197
647
49
4157
57
87
395
51
379
139
199
216
998
91
71
467
119
116
70
101
94
305
31
43
109
4191
161
535
107
113
107
133
91
12
22
104
6
203
424
510
19
119
1481
284
50
543
489
90
40
207
431
167
113
710
119
209
239
1169
183
207
34
75
149
519
95
179
263
692
51
263
59
395
101
74
341
120
16
63
125
71
17
43
61
77
1503
13
153
67
107
153
16
2409
287
23
147
113
683
293
48
16
208
56
299
2504
184
389
447
93
500
159
47
139
362
26
114
69
145
175
41
78
49
81
78
33
181
22
57
93
17
193
167
53
509
167
239
129
128
344
54
