109
127
118
275
671
127
94
122
113
66
247
29
29
41
90
57
239
351
67
43
436
173
127
128
186
263
368
599
143
42
734
4571
1732
81
170
1959
1876
344
67
115
146
33
98
503
230
1007
1574
89
179
71
12
135
26
111
431
115
129
104
1169
139
79
76
300
58
776
37
274
1099
152
97
33
75
20
127
51
3037
91
189
122
121
73
38
110
239
37
389
61
69
1143
349
123
11
304
335
41
122
56
62
347
171
76
45
191
54
279
81
153
93
223
46
43
11
83
237
29
319
59
46
65
230
139
41
383
114
197
144
175
41
163
629
59
19
43
51
311
143
161
1739
163
174
1257
26
191
59
42
51
90
587
151
827
139
73
57
173
524
634
24
129
179
279
62
777
104
69
88
169
223
99
143
155
329
65
127
5961
135
103
23
79
78
110
199
239
430
219
998
181
143
223
227
227
89
67
127
129
353
53
35
57
45
1952
239
91
524
109
35
175
34
287
149
450
380
194
105
979
84
185
269
32
351
20
21
67
66
344
165
199
44
129
139
113
41
66
59
84
167
39
99
223
597
107
74
101
38
94
95
314
76
42
203
155
143
38
123
54
83
251
99
489
439
56
269
203
161
161
40
74
349
116
57
449
63
67
49
87
243
151
37
48
593
131
91
24
479
47
55
53
62
55
188
64
667
10
147
281
95
282
55
175
33
25
179
38
263
173
1
231
593
407
219
99
82
173
104
43
335
59
27
125
53
153
314
29
63
167
119
161
194
121
66
1925
105
83
5
659
41
123
133
130
171
94
27
143
287
311
231
51
203
22
35
145
11
33
179
83
123
25
246
127
127
12
68
159
655
123
321
209
171
17
196
214
59
81
643
137
59
31
35
2546
125
209
4179
43
585
69
157
149
59
59
101
144
74
72
119
99
93
75
71
639
28
170
161
239
149
152
83
69
215
908
55
61
79
503
307
1873
87
439
51
223
38
123
740
59
19
245
57
87
94
939
31
109
133
53
71
128
125
197
66
51
183
28
199
100
44
61
161
70
199
90
114
94
79
64
239
99
149
223
119
77
174
287
359
79
203
71
97
287
85
31
1087
53
287
42
143
75
75
29
71
519
103
410
879
142
12
86
206
132
662
215
367
203
122
265
207
111
575
819
127
191
104
813
133
699
53
54
479
239
40
99
67
72
60
1070
209
134
45
83
563
251
157
81
39
539
32
503
204
287
40
89
85
391
99
78
137
179
9
169
107
1601
139
22
230
65
64
317
373
2231
133
115
149
68
109
50
80
65
69
95
87
187
21
84
559
121
93
419
96
118
74
419
29
69
83
101
287
287
4256
260
70
139
85
151
55
89
143
209
199
395
110
99
95
255
9
231
93
45
207
91
527
68
223
187
53
76
407
71
129
185
41
88
1187
132
135
67
251
923
59
9526
57
84
161
130
144
455
87
221
91
219
19
615
110
56
107
215
3626
239
71
34
72
142
76
14
206
199
77
48
131
91
284
313
263
149
144
829
69
117
311
84
74
249
107
237
779
545
251
61
4479
120
259
129
13
413
129
97
1743
230
128
719
93
133
71
82
783
87
451
18
89
152
60
203
40
26
137
119
419
41
209
95
359
104
259
131
56
51
47
1199
64
22
88
143
629
104
263
87
71
67
197
139
69
1719
30
215
299
207
1874
1199
52
47
82
119
78
767
103
269
7359
83
151
271
87
27
199
113
215
215
191
389
327
64
1660
107
209
51
173
145
52
97
64
31
391
63
125
36
51
314
306
77
39
11
135
149
251
71
588
25
233
75
97
369
44
139
75
123
439
179
81
129
32
24
215
287
65
115
77
111
173
175
719
93
125
98
227
49
155
183
167
117
43
46
131
48
121
59
86
51
944
26
104
28
83
293
76
94
23
245
167
359
899
20
219
719
129
303
25
123
25
19
590
89
77
437
94
48
46
271
11
405
151
44
1644
111
105
51
62
191
1259
1223
46
221
449
59
51
118
127
73
53
56
83
143
60
34
203
58
305
117
30
77
323
49
45
37
458
74
159
69
197
332
56
371
158
44
57
658
79
1367
88
38
44
65
165
199
59
1105
129
127
108
137
13
647
139
170
91
167
49
57
68
83
44
195
279
233
191
215
39
479
227
5
67
