83
202
63
78
123
55
24
143
285
53
76
39
29
124
1391
1649
73
73
113
119
123
398
51
183
89
63
34
1427
219
79
59
36
244
503
269
207
254
140
479
116
55
69
269
66
63
207
55
107
143
133
98
29
51
1679
129
239
47
110
43
86
75
123
37
34
141
41
71
356
122
56
12
129
67
77
65
115
247
1023
1550
98
137
84
149
92
15
88
5
25
415
61
42
303
33
164
911
40
27
52
73
65
113
129
119
87
443
129
89
115
140
166
45
137
1339
101
741
109
117
65
77
1028
52
293
154
96
65
303
129
247
879
128
50
155
22
145
84
951
72
1391
64
475
315
263
44
2185
171
101
109
271
65
65
83
86
169
656
37
41
209
35
208
73
155
73
114
39
113
154
134
44
159
563
54
79
65
153
52
39
89
5455
199
59
129
1943
494
797
77
152
15
440
76
303
97
41
131
755
82
707
179
149
263
441
107
33
143
1169
215
57
704
776
27
658
287
85
91
173
50
43
199
223
90
98
527
194
95
367
75
767
4660
85
53
117
1175
155
77
137
87
2980
55
101
92
131
101
125
215
94
285
119
151
69
77
97
69
119
96
72
63
103
239
32
111
128
83
1268
199
395
287
119
93
71
92
67
1077
91
68
151
163
1016
109
95
83
17
77
49
97
51
131
89
461
50
1325
64
111
167
92
467
94
50
60
49
75
101
167
63
259
119
791
163
92
1163
47
72
161
168
135
84
104
78
993
39
129
104
118
152
1439
131
323
86
6
846
3062
79
1126
104
67
123
743
80
467
73
174
95
399
147
81
285
530
105
377
79
146
2199
26
67
115
101
83
287
72
33
58
659
114
103
63
181
80
83
134
58
3530
51
194
181
279
57
121
119
58
48
53
961
220
50
42
146
1004
131
259
85
49
79
285
377
223
37
47
249
669
125
5
189
127
83
101
80
131
11
329
86
223
713
173
31
144
363
25
74
117
69
73
99
154
449
84
84
59
2155
133
13
111
325
988
85
50
107
179
47
137
1112
287
189
113
143
391
575
33
82
111
363
377
101
101
659
69
274
379
219
349
23
167
98
104
57
2255
339
59
35
147
383
200
13
16
101
137
30
298
179
439
37
95
41
269
1547
679
4205
60
431
27
39
279
13
91
143
116
189
175
329
1037
463
278
279
184
91
77
168
60
314
163
80
1055
85
72
263
479
123
31
155
99
1352
221
197
47
119
86
3
359
191
615
73
42
181
62
163
78
275
29
164
117
27
83
67
173
41
259
239
224
91
47
97
296
48
175
78
215
38
70
121
66
125
87
129
24
379
45
69
94
43
29
21
47
125
73
104
64
151
65
143
75
155
1403
179
101
74
49
129
149
84
371
143
56
59
128
587
119
155
92
149
142
83
59
230
314
35
65
64
42
152
144
119
155
699
233
177
105
125
31
31
179
479
153
133
60
87
22
202
559
147
203
114
58
327
935
854
41
189
36
175
125
19
85
7689
86
285
252
407
61
77
183
74
44
152
21
13
151
49
34
23
76
61
618
111
115
54
147
73
331
149
143
4
197
46
38
1043
89
140
109
83
124
44
223
73
329
199
111
161
432
83
389
53
147
395
38
1113
7
436
129
46
110
94
105
152
137
25
26
86
1015
113
203
2447
122
41
146
64
74
104
73
1119
79
62
85
29
185
49
175
44
215
121
27
4800
67
59
94
79
105
479
40
287
87
509
47
499
1732
6
2113
72
170
339
251
1019
107
77
779
149
28
77
3205
139
71
105
560
571
95
62
88
404
143
860
82
97
123
84
287
42
118
879
67
54
627
119
97
259
70
701
81
849
77
263
146
167
2399
63
48
30
115
97
151
131
28
98
147
329
519
39
47
30
284
45
190
115
151
78
153
137
167
147
427
167
37
1079
75
39
157
319
659
51
45
60
81
104
29
965
70
62
54
129
86
185
79
255
239
27
375
469
66
223
179
229
87
131
54
98
123
199
22
34
140
350
944
279
439
105
55
53
35
84
103
89
159
239
245
45
92
151
230
143
167
143
355
287
81
121
110
83
115
6
114
101
72
104
239
593
1954
151
203
61
70
75
203
131
1025
68
35
33
1439
98
9945
93
101
21
43
251
199
47
71
197
147
279
59
233
137
34
143
431
79
389
107
60
63
50
774
867
115
183
71
233
863
286
12
98
305
23
185
113
25
129
109
43
