171
71
119
98
122
469
164
139
124
359
245
152
43
77
15
67
131
85
105
179
83
99
119
53
109
20
4447
111
29
63
115
21
20
143
90
173
79
97
519
158
293
71
223
61
391
93
95
269
101
147
66
25
41
85
104
879
167
321
117
70
73
85
45
128
110
125
158
155
97
44
55
909
145
49
127
80
287
314
103
63
141
494
9
53
321
81
36
77
179
194
69
35
115
125
6
32
77
6479
131
548
199
122
167
415
68
231
219
353
145
644
103
1399
674
52
65
77
59
15
70
67
194
584
824
46
69
71
134
527
82
149
81
81
389
34
59
72
113
285
169
89
1609
1187
104
287
309
154
137
54
85
127
27
1039
143
94
251
63
587
854
159
68
1824
272
87
139
289
203
655
207
134
111
92
83
31
215
16
75
176
79
33
79
107
170
227
203
47
38
50
69
447
223
121
85
246
154
103
17
11
167
383
174
111
105
629
43
440
140
74
447
26
164
179
959
105
70
59
68
329
272
65
46
24
76
91
131
95
539
559
269
1044
37
241
190
7
2727
109
155
161
9
531
101
134
24
146
139
61
50
67
99
2309
86
974
127
105
125
207
63
47
299
123
70
209
140
127
31
417
77
97
64
85
125
127
139
56
221
134
56
593
62
45
183
629
48
128
87
185
145
89
65
59
43
19
5
173
149
139
1627
93
49
449
61
139
41
583
1049
65
219
64
70
72
367
574
107
31
39
33
671
719
247
143
154
311
93
311
239
23
171
83
269
29
534
61
491
143
139
95
59
131
77
321
227
22
97
57
49
63
151
221
353
131
187
90
415
97
300
163
35
42
164
66
101
44
73
89
379
622
1850
48
81
81
147
159
7
93
56
89
208
82
24
254
20
23
344
1259
363
44
121
923
1253
70
68
104
18
12
79
215
175
130
131
3
811
32
251
167
71
33
189
107
160
68
326
63
167
39
689
57
38
227
45
58
55
227
82
133
6226
94
91
103
98
10
3247
1619
101
239
475
287
317
155
216
66
25
131
39
125
38
125
279
649
629
9776
82
129
363
245
167
389
85
233
197
167
899
116
109
44
1956
139
105
239
171
43
129
91
151
174
203
188
65
521
111
257
52
65
881
83
73
113
66
110
81
114
99
247
103
67
84
244
84
167
349
83
39
183
151
109
91
135
24
79
71
219
8701
176
131
1144
65
32
43
49
61
127
143
335
179
209
341
123
123
189
173
239
119
88
35
806
539
25
32
172
149
1424
123
995
186
879
60
61
5564
65
71
269
107
173
275
237
69
137
457
209
155
25
81
203
52
335
187
146
67
121
143
71
45
107
244
107
160
47
175
83
91
122
133
168
62
322
69
33
975
1144
377
231
639
80
105
587
156
143
71
149
259
163
89
45
311
157
275
115
93
125
63
50
16
415
60
58
263
314
97
134
101
121
35
61
29
92
134
179
37
179
49
170
319
53
209
63
125
97
83
37
92
95
22
80
123
30
66
461
389
937
527
134
81
9156
1399
307
296
383
35
80
174
59
129
159
43
373
419
647
129
163
164
116
3059
237
141
119
252
25
121
359
63
127
187
215
94
49
59
77
527
82
109
13
255
142
359
77
1883
169
89
159
125
43
203
55
71
141
134
34
41
6022
101
93
557
494
285
85
767
85
275
285
29
43
52
107
83
157
4199
158
149
4439
146
47
49
137
122
97
141
22
26
61
6
124
34
97
64
230
71
98
109
279
84
449
195
114
231
15
167
107
479
75
322
77
43
115
209
42
131
67
287
909
223
615
245
599
275
1151
399
319
97
98
163
51
110
76
70
689
203
129
26
623
104
189
189
467
279
254
566
1377
50
135
69
1116
66
107
147
43
107
48
139
63
116
1784
135
134
170
21
259
202
173
181
1151
867
194
144
1133
305
59
204
70
79
143
163
127
524
39
31
72
104
19
107
181
1715
881
61
719
98
103
87
644
107
181
91
615
53
166
57
818
30
55
379
121
227
4323
199
74
153
127
2324
85
18
111
92
62
199
269
48
43
139
35
131
149
629
11
722
133
863
265
299
55
119
54
647
121
86
65
69
91
83
206
67
19
71
30
230
170
99
56
116
71
155
768
161
39
259
97
51
9880
2105
265
48
143
144
135
359
187
75
173
41
219
90
65
70
33
227
39
174
83
362
167
469
41
143
207
350
1463
296
115
72
13
63
77
3727
94
82
18
103
55
109
183
90
