5999
46
134
125
8848
71
66
119
125
74
170
263
461
81
417
137
98
32
199
831
650
125
363
27
322
41
322
35
63
105
45
117
110
55
314
37
69
127
116
263
575
140
61
511
68
104
69
167
121
51
80
230
39
64
56
311
81
14
182
99
145
33
164
111
491
50
78
438
779
91
94
45
49
167
111
125
287
223
339
9265
71
171
61
87
125
219
107
69
41
2773
87
109
170
68
944
244
77
89
56
209
360
72
47
279
164
919
369
1409
95
68
32
129
215
27
229
69
135
27
85
545
149
113
99
293
119
72
18
251
151
191
979
509
159
715
129
40
799
92
41
67
99
93
115
98
81
83
88
50
99
149
53
3258
63
659
17
305
127
34
8832
107
58
103
295
223
272
155
6503
46
13
57
671
233
359
66
124
96
311
398
77
65
419
221
155
37
263
79
159
115
175
45
29
373
296
311
107
289
199
71
79
69
57
118
111
255
4
247
335
73
989
77
559
531
171
122
251
44
43
94
32
105
244
83
89
25
64
87
67
61
149
53
74
21
77
26
249
41
642
87
129
67
389
1000
359
85
233
823
56
46
61
111
190
70
121
1413
66
68
783
50
48
95
153
64
101
719
527
137
50
70
86
81
179
110
149
15
70
66
219
154
64
67
77
135
54
728
117
128
247
13
207
219
329
33
161
28
35
230
7
69
54
1820
163
79
70
974
78
1259
147
170
116
139
443
21
129
181
139
93
158
701
72
629
127
83
269
248
484
132
184
17
2007
384
191
125
73
63
524
115
10
77
329
191
65
71
441
239
50
5061
79
1823
99
159
1346
79
84
39
167
1217
157
194
221
134
83
407
75
123
344
32
80
45
137
32
84
183
51
85
58
269
125
75
89
366
123
197
39
57
244
255
80
69
75
181
128
899
39
137
215
129
64
19
101
86
339
146
447
69
5
195
1133
105
791
139
323
74
42
89
55
163
972
147
210
74
93
86
56
863
53
73
183
81
594
339
171
62
187
59
38
268
83
29
71
63
127
251
117
122
113
519
87
61
251
60
539
683
578
83
35
20
45
71
29
142
355
124
63
93
263
115
269
52
341
68
92
809
96
133
169
155
139
31
9
149
143
60
179
74
89
311
51
17
274
145
71
71
3103
1271
35
89
61
152
386
79
66
163
149
461
129
1523
492
280
19
52
2066
28
102
203
95
53
287
77
132
167
463
151
167
13
83
84
1299
58
59
186
120
64
161
167
167
227
1199
59
67
202
186
81
125
89
121
43
193
80
86
22
335
119
206
8550
84
60
874
109
79
584
80
135
40
56
61
175
767
881
209
33
2
164
143
114
71
37
125
399
179
230
71
109
62
111
117
209
93
62
58
47
50
241
101
175
146
32
102
123
24
69
59
1127
116
189
47
1091
63
84
123
55
76
295
207
95
39
938
271
54
59
488
146
512
531
143
110
220
2159
111
2839
78
359
134
71
1011
38
18
140
164
284
242
385
135
39
42
99
81
117
132
42
5387
87
71
53
36
39
599
60
275
137
227
77
125
107
81
133
27
224
119
85
379
67
135
220
263
131
97
181
42
48
147
131
143
683
98
140
116
9932
123
255
49
77
22
29
209
83
431
54
489
39
65
398
191
415
89
18
104
74
78
122
69
20
185
79
105
1535
113
33
159
153
1037
95
110
24
1709
643
111
173
146
113
137
95
109
63
25
191
269
19
58
767
116
1651
227
67
599
629
188
62
174
68
73
44
255
105
40
197
496
1464
539
361
199
137
5153
1049
137
116
73
587
87
296
55
62
1499
109
419
155
67
1319
118
37
167
33
17
728
101
1084
479
129
9
134
103
52
287
251
39
295
95
99
48
53
31
563
249
167
105
127
28
23
339
167
74
20
133
39
39
116
78
683
160
77
263
51
77
164
95
446
80
383
3
12
275
66
1715
97
67
41
305
37
239
27
83
179
79
149
103
271
2797
55
119
37
191
224
159
143
441
87
215
119
179
63
74
549
14
85
91
230
105
30
61
539
48
41
823
119
503
467
1581
41
158
105
153
197
50
11
23
95
57
45
83
269
43
72
34
73
321
139
98
73
94
131
152
749
59
68
500
47
58
14
101
61
133
50
86
167
259
93
143
179
2127
79
96
89
291
78
83
103
28
303
86
80
202
140
59
703
32
209
161
829
110
44
68
64
66
2548
441
21
27
251
199
53
299
339
141
131
323
50
180
43
117
