41
275
50
110
77
77
53
624
85
143
104
431
38
70
95
159
119
181
85
22
251
209
89
109
251
415
52
107
783
43
153
683
98
73
61
91
161
428
123
70
63
143
251
86
97
75
33
174
69
227
341
107
128
1169
203
53
671
159
69
83
89
139
132
27
93
36
151
107
269
527
131
197
121
155
52
170
42
641
57
83
1231
311
69
19
48
104
804
137
2529
26
119
771
159
519
47
55
62
344
129
549
95
85
141
599
294
230
208
1109
795
1559
215
164
559
619
184
137
43
50
1379
66
81
329
32
127
543
227
62
163
671
233
159
75
143
349
277
725
167
865
503
71
159
839
80
56
454
167
1781
118
110
48
64
272
351
79
833
90
63
70
80
173
335
85
68
1080
43
99
136
255
58
103
65
269
170
6293
221
87
173
599
584
95
104
1087
137
647
171
223
122
89
53
1147
69
69
71
13
3
99
169
89
101
55
1139
101
104
123
39
58
84
212
31
99
511
50
1149
69
152
309
54
1
170
218
27
299
1634
51
367
80
10
319
233
296
207
2507
87
143
41
21
335
215
116
464
111
413
46
151
324
539
305
183
36
204
73
137
73
79
1624
389
37
134
85
87
44
103
85
809
287
35
194
49
23
121
191
85
179
37
113
70
326
77
92
179
183
131
143
39
110
37
223
299
143
115
851
92
12
373
69
79
323
944
164
93
167
233
323
39
70
209
46
79
184
571
63
88
95
131
70
139
2092
188
5
185
73
91
75
83
149
143
415
74
86
37
251
884
319
207
34
230
65
311
233
349
129
68
171
183
75
237
40
135
424
149
42
1023
46
68
194
317
298
18
99
146
231
7
244
98
69
151
77
109
134
991
359
166
134
41
197
20
137
229
70
39
199
247
1914
38
176
48
25
133
131
134
566
73
41
79
61
405
49
87
359
66
56
144
76
119
123
279
86
43
1259
129
134
111
111
1899
849
215
67
99
191
629
170
265
50
719
90
139
68
201
19
194
85
125
263
98
158
58
97
320
1
78
34
67
91
44
9
7210
50
155
4
107
74
9
629
47
145
41
11
169
188
199
128
85
111
269
45
83
77
87
471
77
47
1895
399
65
57
195
293
117
407
165
189
143
431
78
78
161
175
1067
99
101
122
73
111
83
71
188
175
4396
80
146
337
99
38
77
125
160
391
80
168
110
255
29
322
77
122
41
58
63
791
891
127
251
188
77
15
74
104
44
145
27
167
67
52
194
31
146
86
161
129
168
144
839
109
52
153
323
531
114
63
103
17
305
134
2860
934
151
479
89
827
89
71
344
98
73
15
121
263
539
50
161
125
101
127
84
18
935
161
79
28
90
191
175
471
104
47
314
5263
254
60
64
124
114
73
179
41
36
2046
14
14
319
51
131
54
823
419
325
191
82
116
161
241
111
195
159
217
77
39
137
179
167
68
363
22
25
49
170
16
204
239
135
101
118
289
1153
29
81
35
74
109
36
2251
60
85
62
7
999
65
133
356
1399
179
110
123
45
89
30
70
202
824
3408
350
33
67
84
3885
92
1224
124
48
86
341
155
131
377
303
135
119
395
1605
455
151
61
249
89
97
83
379
35
139
239
153
309
314
251
599
183
1401
91
849
55
483
29
90
167
272
121
69
223
131
140
111
81
360
31
239
101
65
532
76
89
272
54
143
223
287
41
431
230
139
4
1784
383
181
119
31
379
85
95
14
46
71
24
117
507
83
75
431
90
39
237
255
197
101
974
341
103
89
637
233
53
69
69
71
209
163
131
272
3473
188
83
239
47
1775
254
64
8486
161
91
54
81
11
63
109
134
115
121
188
349
76
233
503
72
129
58
62
64
208
80
131
79
110
263
144
261
296
113
118
206
143
161
251
37
153
2222
5509
159
189
45
72
113
50
3
81
60
91
639
258
1091
38
4544
35
84
97
54
199
9
40
62
3
15
116
329
164
755
128
95
149
61
75
139
56
83
153
117
5
1374
59
83
464
311
47
377
83
75
91
159
1959
16
11
29
91
87
77
323
33
164
269
215
129
17
1154
575
186
61
42
1751
97
13
161
71
41
62
215
135
79
55
233
363
125
119
341
185
381
69
76
83
3249
137
