125
131
339
59
20
1511
413
118
63
5015
103
1301
89
183
151
66
25
15
587
109
158
60
80
96
23
334
81
75
215
17
47
47
269
57
623
143
458
84
188
2896
53
719
165
76
128
67
223
143
727
5
79
759
184
89
197
51
271
335
2231
117
129
14
63
60
135
404
461
160
242
347
977
1519
10
53
449
49
119
125
137
323
679
61
143
167
251
71
117
587
131
300
63
185
183
103
167
71
64
143
145
249
87
91
63
86
104
94
545
57
111
115
194
170
67
299
119
64
61
59
123
23
113
467
377
119
143
23
137
363
207
99
152
247
24
90
117
199
67
86
383
58
153
73
154
64
15
223
28
99
483
103
63
56
137
71
1429
18
104
103
115
84
15
161
129
78
28
191
59
74
158
110
99
203
1407
1391
207
863
32
60
59
162
4469
467
85
113
279
97
191
54
122
191
189
81
431
1499
83
123
114
59
131
719
129
239
103
254
71
107
45
244
159
137
76
143
769
128
49
118
377
475
20
95
173
46
155
82
63
89
209
35
284
105
50
3869
90
515
2435
129
69
91
269
509
53
344
404
3963
187
359
2184
869
999
129
95
24
299
124
70
55
44
647
114
97
1925
86
863
80
41
17
175
935
79
351
69
323
69
191
69
155
41
32
49
55
49
637
63
75
137
249
146
519
64
224
30
97
88
49
74
206
239
35
78
251
42
91
390
147
51
251
143
53
57
159
157
423
324
104
377
219
116
399
144
809
48
185
1070
11
134
139
505
38
83
31
153
105
395
68
36
263
153
191
30
105
55
155
99
250
74
125
129
28
117
59
69
88
252
99
149
20
61
95
1069
69
545
128
74
83
42
77
209
65
50
127
121
265
37
25
84
391
32
167
99
39
335
379
479
89
95
209
58
489
113
17
31
80
28
139
33
91
59
349
61
47
1539
21
115
93
139
50
163
215
27
890
223
5659
467
97
37
179
687
539
183
435
417
79
1855
215
503
37
329
25
23
113
95
215
53
332
128
863
260
426
993
118
191
57
103
161
230
271
149
85
103
3908
16
194
125
475
571
64
89
239
152
319
61
62
135
67
189
143
90
88
159
14
65
101
279
33
418
92
155
105
85
55
82
62
559
133
275
131
64
64
40
269
76
149
84
449
52
233
247
39
247
143
127
40
113
32
419
69
62
143
59
377
847
76
135
209
149
20
29
103
77
101
299
269
219
219
153
31
113
93
36
185
143
73
1122
133
188
42
2069
32
197
91
307
52
171
141
131
371
159
264
53
71
359
41
134
163
629
101
59
71
58
155
101
167
109
6328
227
97
103
119
11
26
139
233
92
131
103
153
35
215
179
373
272
169
59
399
599
95
545
58
124
122
151
89
146
874
309
90
139
224
1048
111
2689
71
237
59
38
97
52
179
23
72
46
124
44
79
629
55
93
68
77
17
125
137
104
96
902
74
71
189
183
93
164
199
197
73
85
532
109
296
164
65
52
191
28
167
74
188
152
55
55
199
7151
284
139
115
59
89
244
35
34
39
98
60
311
133
279
67
119
1468
85
89
104
119
185
71
141
234
135
73
151
1280
623
155
181
263
35
251
69
27
233
406
4202
347
144
171
66
195
131
63
2007
83
479
128
55
863
377
65
97
164
359
127
145
61
159
587
899
208
140
99
174
161
95
419
179
3779
197
107
93
125
299
37
59
323
1070
104
263
141
107
121
59
124
55
959
85
415
24
197
167
80
323
117
76
41
181
215
197
101
359
2435
18
95
215
147
519
137
2015
76
52
71
895
164
71
119
26
72
143
95
171
60
27
263
78
61
174
155
80
155
91
329
57
73
57
27
57
83
87
29
261
146
167
43
139
1175
36
487
254
20
335
197
359
67
909
719
32
95
197
129
362
113
791
314
341
772
143
129
623
68
32
399
69
246
134
83
43
123
