139
119
153
479
155
329
39
155
1247
519
809
233
67
97
383
203
52
239
63
255
65
103
135
298
159
123
167
97
171
269
773
223
185
324
173
21
115
44
53
57
54
89
194
1399
134
71
95
161
99
122
93
51
1919
31
161
56
113
158
311
63
95
1243
141
25
263
129
113
51
87
80
37
226
77
137
169
45
50
243
31
699
69
159
65
179
105
99
35
114
149
140
1471
113
87
66
269
1409
37
60
159
375
52
339
36
503
34
125
113
115
239
407
125
319
72
67
34
209
647
127
119
112
227
199
1319
143
363
47
95
179
139
41
335
267
30
671
305
35
233
197
68
87
1076
467
161
37
64
82
57
155
107
307
129
281
111
27
135
67
18
303
55
74
68
86
131
2385
183
53
185
188
9
104
883
377
197
223
239
447
224
81
170
221
27
152
137
37
67
142
22
24
92
83
329
179
89
55
91
99
179
104
154
107
503
43
60
47
46
389
406
269
124
68
24
127
21
197
55
85
35
55
179
181
91
149
155
221
719
127
1
34
75
2071
1439
171
45
64
71
87
147
1203
219
167
159
92
287
65
173
33
139
115
203
659
973
823
467
147
749
54
64
74
70
1077
34
213
66
95
199
65
322
41
197
503
233
123
153
78
110
119
75
359
37
1165
161
809
125
125
454
41
58
78
134
3514
407
71
255
36
90
566
335
911
179
391
140
99
51
70
80
254
52
211
83
224
63
84
107
334
449
32
269
175
2207
104
347
56
34
386
1847
43
151
224
127
153
105
233
56
1151
123
169
93
28
160
52
107
269
89
89
110
125
49
91
159
65
167
199
27
25
987
92
87
83
1163
117
98
173
12
48
510
139
1119
699
64
479
94
179
230
1107
472
130
115
17
64
145
45
78
79
25
123
49
53
3
624
33
319
350
39
104
443
185
48
377
224
328
186
149
77
125
47
87
207
335
97
98
53
7256
71
57
111
135
181
425
19
574
54
379
188
7
527
164
204
83
101
99
120
88
62
110
129
55
91
373
329
129
12
64
42
101
254
34
139
14
279
39
137
25
287
124
279
1112
3876
755
207
377
103
146
183
82
169
111
657
68
220
38
59
74
419
149
223
97
197
111
135
77
89
68
695
275
59
94
79
919
651
223
265
97
219
1000
131
125
43
131
69
629
207
775
77
233
285
119
233
329
455
237
68
128
149
260
97
36
203
49
69
251
399
399
61
105
62
537
119
87
149
281
75
367
199
97
77
999
927
989
73
67
489
36
69
149
137
50
46
73
2554
146
1616
64
68
311
3561
123
417
164
6832
69
67
89
83
155
89
650
110
171
159
323
909
67
37
341
47
101
239
33
251
104
61
239
151
109
175
35
9590
161
151
95
287
139
3124
71
119
244
1719
80
119
37
119
203
154
113
839
146
74
167
932
184
371
23
539
77
149
159
164
59
197
59
203
11
131
29
75
125
127
41
965
107
107
1025
88
101
19
149
237
109
224
86
548
79
139
708
377
147
35
219
449
221
33
247
32
26
2495
55
134
101
115
120
27
113
311
37
179
135
479
50
139
149
11
113
139
25
221
45
59
160
239
25
71
76
73
58
659
211
113
227
47
109
34
74
99
107
86
71
77
5
28
89
155
566
161
41
161
59
99
14
78
223
422
155
247
1419
271
7501
77
197
371
167
179
139
314
8
3721
123
110
131
143
601
87
1894
89
116
76
169
167
407
791
47
84
111
56
131
91
73
77
87
239
51
219
127
527
74
109
139
458
94
36
347
187
263
167
23
49
47
404
535
48
143
1791
58
655
89
63
61
68
21
72
359
209
89
164
89
47
55
639
2727
83
153
81
239
65
66
495
67
65
2085
1601
55
89
79
236
3219
473
379
31
284
67
1681
28
67
203
349
155
242
183
49
62
48
50
356
349
134
975
1439
133
73
50
10
504
419
2344
224
117
51
26
747
95
305
167
299
66
95
119
61
17
16
159
134
107
11
239
39
13
845
35
27
51
91
75
20
167
184
5436
1726
1424
2811
33
244
97
347
86
149
140
50
42
59
45
129
287
68
593
314
607
119
305
149
23
395
539
69
151
135
146
1590
57
20
66
151
179
299
131
27
194
221
53
103
129
125
94
489
43
141
56
29
269
727
46
74
73
203
175
59
223
80
99
71
163
59
5735
11
110
78
69
39
485
989
202
109
179
32
11
53
63
887
223
299
26
3509
36
93
161
175
70
146
86
719
71
